{"level":"info","message":"Server is running on port 3000","timestamp":"2025-06-17T12:56:34.963Z"}
{"level":"info","message":"Server is running on port 3000","timestamp":"2025-06-17T12:56:40.166Z"}
{"level":"info","message":"GET / 200 22 - 2.277 ms","timestamp":"2025-06-17T12:56:51.590Z"}
{"level":"info","message":"Server is running on port 3000","timestamp":"2025-06-17T12:58:10.726Z"}
{"level":"info","message":"Server is running on port 3000","timestamp":"2025-06-17T13:00:37.119Z"}
{"level":"info","message":"Server is running on port 3000","timestamp":"2025-06-17T13:00:49.058Z"}
{"level":"info","message":"Server is running on port 3000","timestamp":"2025-06-17T13:00:53.217Z"}
{"level":"info","message":"Server is running on port 3000","timestamp":"2025-06-17T13:01:50.804Z"}
{"level":"info","message":"GET /api/dealers 200 5 - 3.144 ms","timestamp":"2025-06-17T13:02:20.156Z"}
{"level":"info","message":"Server is running on port 3000","timestamp":"2025-06-17T13:04:35.867Z"}
{"level":"info","message":"Server is running on port 3000","timestamp":"2025-06-17T13:39:08.362Z"}
{"level":"info","message":"Server is running on port 3000","timestamp":"2025-06-17T13:40:01.966Z"}
{"level":"info","message":"Server is running on port 3000","timestamp":"2025-06-17T13:40:20.024Z"}
{"level":"info","message":"Server is running on port 3000","timestamp":"2025-06-17T13:41:58.795Z"}
{"level":"info","message":"Server is running on port 3000","timestamp":"2025-06-17T13:42:23.443Z"}
{"level":"info","message":"Server is running on port 3000","timestamp":"2025-06-17T13:42:56.362Z"}
{"level":"info","message":"Server is running on port 3000","timestamp":"2025-06-17T13:43:47.134Z"}
{"level":"info","message":"Server is running on port 3000","timestamp":"2025-06-17T13:44:02.100Z"}
{"level":"info","message":"Server is running on port 3000","timestamp":"2025-06-17T13:44:26.665Z"}
{"level":"info","message":"GET /api/dealers 200 17 - 2.555 ms","timestamp":"2025-06-17T13:44:36.177Z"}
{"level":"info","message":"Server is running on port 3000","timestamp":"2025-06-17T13:47:47.837Z"}
{"level":"info","message":"Server is running on port 3000","timestamp":"2025-06-17T13:48:01.768Z"}
{"level":"info","message":"Server is running on port 3000","timestamp":"2025-06-17T13:49:35.168Z"}
{"level":"info","message":"Server is running on port 3000","timestamp":"2025-06-17T13:51:19.573Z"}
{"level":"info","message":"Server is running on port 3000","timestamp":"2025-06-17T13:51:26.555Z"}
{"level":"info","message":"Server is running on port 3000","timestamp":"2025-06-17T13:51:37.638Z"}
{"level":"info","message":"Server is running on port 3000","timestamp":"2025-06-17T13:53:22.312Z"}
{"level":"info","message":"Server is running on port 3000","timestamp":"2025-06-17T13:54:24.631Z"}
{"level":"info","message":"Server is running on port 3000","timestamp":"2025-06-17T13:54:49.542Z"}
{"level":"info","message":"Server is running on port 3000","timestamp":"2025-06-17T13:54:57.692Z"}
{"level":"info","message":"Server is running on port 3000","timestamp":"2025-06-17T13:55:11.488Z"}
{"level":"info","message":"GET /api/dealers 304 - - 2.925 ms","timestamp":"2025-06-17T13:55:26.055Z"}
{"level":"info","message":"GET /api/dealers 304 - - 0.466 ms","timestamp":"2025-06-17T13:55:28.206Z"}
{"level":"info","message":"Server is running on port 3000","timestamp":"2025-06-17T13:56:12.013Z"}
{"level":"info","message":"Server is running on port 3000","timestamp":"2025-06-17T13:56:17.326Z"}
{"level":"info","message":"Server is running on port 3000","timestamp":"2025-06-17T13:56:41.808Z"}
{"level":"info","message":"GET /api/dealers 304 - - 3.054 ms","timestamp":"2025-06-17T13:56:44.297Z"}
{"level":"info","message":"Server is running on port 3000","timestamp":"2025-06-17T13:58:08.805Z"}
{"level":"info","message":"GET / 200 22 - 2.248 ms","timestamp":"2025-06-17T14:00:17.057Z"}
{"level":"info","message":"GET /api/dealers 200 17 - 1.070 ms","timestamp":"2025-06-17T14:00:27.807Z"}
{"level":"info","message":"POST /api/dealers 200 19 - 1.083 ms","timestamp":"2025-06-17T14:00:32.458Z"}
{"level":"info","message":"Server is running on port 3000","timestamp":"2025-06-17T14:01:39.757Z"}
{"level":"info","message":"POST /api/dealers 200 19 - 2.943 ms","timestamp":"2025-06-17T14:06:03.363Z"}
{"level":"info","message":"POST /api/dealers 200 19 - 150.480 ms","timestamp":"2025-06-17T14:06:33.065Z"}
{"level":"info","message":"POST /api/dealers 200 19 - 1.166 ms","timestamp":"2025-06-17T14:08:57.454Z"}
{"level":"info","message":"POST /api/dealers 200 19 - 0.888 ms","timestamp":"2025-06-17T14:09:40.298Z"}
{"level":"info","message":"Server is running on port 3000","timestamp":"2025-06-17T14:11:06.417Z"}
{"level":"info","message":"Server is running on port 3000","timestamp":"2025-06-17T14:11:13.682Z"}
{"level":"info","message":"POST /api/dealers 200 19 - 18.380 ms","timestamp":"2025-06-17T14:11:16.255Z"}
{"level":"info","message":"Server is running on port 3000","timestamp":"2025-06-17T14:12:54.268Z"}
{"level":"info","message":"POST /api/dealers 200 19 - 17.271 ms","timestamp":"2025-06-17T14:12:54.831Z"}
{"level":"info","message":"Server is running on port 3000","timestamp":"2025-06-17T14:13:04.776Z"}
{"level":"info","message":"Server is running on port 3000","timestamp":"2025-06-17T14:13:49.874Z"}
{"level":"info","message":"POST /api/dealers 200 19 - 15.896 ms","timestamp":"2025-06-17T14:13:51.596Z"}
{"level":"info","message":"POST /api/dealers 200 19 - 0.797 ms","timestamp":"2025-06-17T14:13:53.766Z"}
{"level":"info","message":"POST /api/dealers 400 51 - 0.950 ms","timestamp":"2025-06-17T14:13:59.551Z"}
{"level":"info","message":"POST /api/dealers 400 51 - 0.473 ms","timestamp":"2025-06-17T14:14:01.343Z"}
{"level":"info","message":"POST /api/dealers 200 19 - 0.692 ms","timestamp":"2025-06-17T14:14:12.461Z"}
{"level":"info","message":"Server is running on port 3000","timestamp":"2025-06-17T14:15:30.084Z"}
{"level":"info","message":"Server is running on port 3000","timestamp":"2025-06-17T14:15:34.055Z"}
{"level":"info","message":"Server is running on port 3000","timestamp":"2025-06-17T14:15:41.323Z"}
{"level":"info","message":"Server is running on port 3000","timestamp":"2025-06-17T14:15:52.503Z"}
{"level":"info","message":"POST /api/dealers 200 19 - 18.663 ms","timestamp":"2025-06-17T14:15:54.089Z"}
{"level":"info","message":"Server is running on port 3000","timestamp":"2025-06-17T14:17:24.484Z"}
{"level":"info","message":"Server is running on port 3000","timestamp":"2025-06-17T14:17:27.686Z"}
{"level":"info","message":"POST /api/dealers 201 201 - 18.240 ms","timestamp":"2025-06-17T14:17:28.346Z"}
{"level":"info","message":"POST /api/dealers 201 201 - 2.710 ms","timestamp":"2025-06-17T14:17:53.526Z"}
{"level":"info","message":"GET /api/dealers 200 17 - 2.358 ms","timestamp":"2025-06-17T14:18:08.476Z"}
{"level":"info","message":"GET /api/dealers 200 17 - 1.799 ms","timestamp":"2025-06-17T14:18:10.017Z"}
{"level":"info","message":"GET /api/dealers 200 17 - 1.865 ms","timestamp":"2025-06-17T14:20:08.552Z"}
{"level":"info","message":"GET /api/dealers 200 17 - 1.835 ms","timestamp":"2025-06-17T14:20:10.042Z"}
{"level":"info","message":"GET /api/dealers 200 17 - 1.956 ms","timestamp":"2025-06-17T14:20:37.148Z"}
{"level":"info","message":"GET /api/dealers 200 17 - 2.188 ms","timestamp":"2025-06-17T14:20:42.586Z"}
{"level":"info","message":"Server is running on port 3000","timestamp":"2025-06-17T14:21:26.667Z"}
{"level":"info","message":"Server is running on port 3000","timestamp":"2025-06-17T14:21:41.497Z"}
{"level":"info","message":"GET /api/dealers 400 26 - 14.833 ms","timestamp":"2025-06-17T14:21:43.854Z"}
{"level":"error","message":"Error:","timestamp":"2025-06-17T14:21:43.855Z"}
{"level":"info","message":"GET /api/dealers 400 26 - 0.847 ms","timestamp":"2025-06-17T14:21:48.107Z"}
{"level":"error","message":"Error:","timestamp":"2025-06-17T14:21:48.108Z"}
{"level":"info","message":"GET /api/dealers 400 26 - 0.799 ms","timestamp":"2025-06-17T14:22:07.788Z"}
{"level":"error","message":"Error:","timestamp":"2025-06-17T14:22:07.789Z"}
{"level":"info","message":"POST /api/dealers 201 201 - 2.585 ms","timestamp":"2025-06-17T14:22:12.390Z"}
{"level":"info","message":"GET /api/dealers 400 203 - 0.921 ms","timestamp":"2025-06-17T14:22:16.613Z"}
{"level":"error","message":"Error:","timestamp":"2025-06-17T14:22:16.614Z"}
{"level":"info","message":"Server is running on port 3000","timestamp":"2025-06-17T14:22:25.270Z"}
{"level":"info","message":"GET /api/dealers 200 26 - 15.182 ms","timestamp":"2025-06-17T14:22:25.784Z"}
{"level":"info","message":"POST /api/dealers 201 201 - 3.033 ms","timestamp":"2025-06-17T14:22:36.989Z"}
{"level":"info","message":"POST /api/dealers 201 201 - 1.585 ms","timestamp":"2025-06-17T14:22:37.766Z"}
{"level":"info","message":"GET /api/dealers 200 381 - 0.470 ms","timestamp":"2025-06-17T14:22:41.254Z"}
{"level":"info","message":"POST /api/dealers 201 201 - 1.807 ms","timestamp":"2025-06-17T14:22:54.358Z"}
{"level":"info","message":"POST /api/dealers 201 201 - 1.510 ms","timestamp":"2025-06-17T14:22:55.586Z"}
{"level":"info","message":"POST /api/dealers 201 201 - 1.428 ms","timestamp":"2025-06-17T14:22:56.926Z"}
{"level":"info","message":"POST /api/dealers 201 201 - 1.407 ms","timestamp":"2025-06-17T14:22:57.753Z"}
{"level":"info","message":"GET /api/dealers 200 1093 - 1.234 ms","timestamp":"2025-06-17T14:23:03.875Z"}
{"level":"info","message":"Server is running on port 3000","timestamp":"2025-06-17T14:23:27.517Z"}
{"level":"info","message":"GET /api/dealers 200 26 - 16.027 ms","timestamp":"2025-06-17T14:23:28.709Z"}
{"level":"info","message":"GET /api/dealers 200 26 - 1.396 ms","timestamp":"2025-06-17T14:30:17.769Z"}
{"level":"info","message":"GET /api/dealers 304 - - 0.905 ms","timestamp":"2025-06-17T14:30:20.961Z"}
{"level":"info","message":"GET /api/dealers 304 - - 0.709 ms","timestamp":"2025-06-17T14:30:24.255Z"}
{"level":"info","message":"GET /api/dealers 200 26 - 1.163 ms","timestamp":"2025-06-17T14:30:33.831Z"}
{"level":"info","message":"GET /api/dealers 200 26 - 0.808 ms","timestamp":"2025-06-17T14:30:36.146Z"}
{"level":"info","message":"GET /api/dealers 200 26 - 0.944 ms","timestamp":"2025-06-17T14:30:37.621Z"}
{"level":"info","message":"GET /api/dealers 200 26 - 0.863 ms","timestamp":"2025-06-17T14:30:38.968Z"}
{"level":"info","message":"GET /api/dealers 200 26 - 1.822 ms","timestamp":"2025-06-17T14:30:40.123Z"}
{"level":"info","message":"POST /api/dealers 201 201 - 2.826 ms","timestamp":"2025-06-17T14:30:44.627Z"}
{"level":"info","message":"POST /api/dealers 201 201 - 1.475 ms","timestamp":"2025-06-17T14:30:45.529Z"}
{"level":"info","message":"POST /api/dealers 201 201 - 1.762 ms","timestamp":"2025-06-17T14:30:46.380Z"}
{"level":"info","message":"GET /api/dealers 200 559 - 2.354 ms","timestamp":"2025-06-17T14:30:48.787Z"}
{"level":"info","message":"GET /api/dealers 200 559 - 2.099 ms","timestamp":"2025-06-17T14:30:56.017Z"}
{"level":"info","message":"GET /api/dealers 200 559 - 1.936 ms","timestamp":"2025-06-17T14:31:03.644Z"}
{"level":"info","message":"GET /api/dealers 304 - - 3.261 ms","timestamp":"2025-06-17T14:31:25.886Z"}
{"level":"info","message":"Server is running on port 3000","timestamp":"2025-06-17T14:31:57.639Z"}
{"level":"info","message":"Server is running on port 3000","timestamp":"2025-06-17T14:33:49.930Z"}
{"level":"info","message":"Server is running on port 3000","timestamp":"2025-06-17T14:34:30.924Z"}
{"level":"info","message":"Server is running on port 3000","timestamp":"2025-06-17T14:34:45.117Z"}
{"level":"info","message":"Server is running on port 3000","timestamp":"2025-06-17T14:35:37.001Z"}
{"level":"info","message":"Server is running on port 3000","timestamp":"2025-06-17T14:36:00.689Z"}
{"level":"info","message":"Server is running on port 3000","timestamp":"2025-06-17T14:36:06.662Z"}
{"level":"info","message":"Server is running on port 3000","timestamp":"2025-06-17T14:36:43.877Z"}
{"level":"info","message":"GET /api/dealers/1 404 44 - 17.490 ms","timestamp":"2025-06-17T14:36:48.061Z"}
{"level":"info","message":"GET /api/dealers/ 200 26 - 0.984 ms","timestamp":"2025-06-17T14:36:51.601Z"}
{"level":"info","message":"GET /api/dealers/01JXZ4SC4GHGHPN0TBP6WZ5Y2T 404 44 - 0.685 ms","timestamp":"2025-06-17T14:37:00.902Z"}
{"level":"info","message":"GET /api/dealers/01JXZ4SC4GHGHPN0TBP6WZ5Y2T 404 44 - 0.521 ms","timestamp":"2025-06-17T14:37:04.089Z"}
{"level":"info","message":"GET /api/dealers/01JXZ4SC4GHGHPN0TBP6WZ5Y2T 404 44 - 0.646 ms","timestamp":"2025-06-17T14:37:05.029Z"}
{"level":"info","message":"GET /api/dealers/01JXZ4SC4GHGHPN0TBP6WZ5Y2T 404 44 - 0.492 ms","timestamp":"2025-06-17T14:37:05.422Z"}
{"level":"info","message":"GET /api/dealers/01JXZ4SC4GHGHPN0TBP6WZ5Y2T 404 44 - 0.530 ms","timestamp":"2025-06-17T14:37:05.657Z"}
{"level":"info","message":"GET /api/dealers/01JXZ4SC4GHGHPN0TBP6WZ5Y2T 404 44 - 1.846 ms","timestamp":"2025-06-17T14:37:05.856Z"}
{"level":"info","message":"GET /api/dealers/01JXZ4SC4GHGHPN0TBP6WZ5Y2T 404 44 - 1.042 ms","timestamp":"2025-06-17T14:37:06.023Z"}
{"level":"info","message":"GET /api/dealers/01JXZ4SC4GHGHPN0TBP6WZ5Y2T 404 44 - 0.520 ms","timestamp":"2025-06-17T14:37:06.336Z"}
{"level":"info","message":"GET /api/dealers/01JXZ4SC4GHGHPN0TBP6WZ5Y2T 404 44 - 0.521 ms","timestamp":"2025-06-17T14:37:06.882Z"}
{"level":"info","message":"GET /api/dealers/01JXZ4SC4GHGHPN0TBP6WZ5Y2T 404 44 - 0.461 ms","timestamp":"2025-06-17T14:37:07.038Z"}
{"level":"info","message":"GET /api/dealers/01JXZ4SC4GHGHPN0TBP6WZ5Y2T 404 44 - 0.508 ms","timestamp":"2025-06-17T14:37:07.239Z"}
{"level":"info","message":"GET /api/dealers/01JXZ4SC4GHGHPN0TBP6WZ5Y2T 404 44 - 0.528 ms","timestamp":"2025-06-17T14:37:07.438Z"}
{"level":"info","message":"GET /api/dealers/01JXZ4SC4GHGHPN0TBP6WZ5Y2T 404 44 - 0.424 ms","timestamp":"2025-06-17T14:37:07.608Z"}
{"level":"info","message":"GET /api/dealers/01JXZ4SC4GHGHPN0TBP6WZ5Y2T 404 44 - 0.433 ms","timestamp":"2025-06-17T14:37:15.417Z"}
{"level":"info","message":"GET /api/dealers/01JXZ4SC4GHGHPN0TBP6WZ5Y2T 404 44 - 0.395 ms","timestamp":"2025-06-17T14:37:16.132Z"}
{"level":"info","message":"GET /api/dealers/01JXZ4SC4GHGHPN0TBP6WZ5Y2T 404 44 - 0.297 ms","timestamp":"2025-06-17T14:37:20.115Z"}
{"level":"info","message":"GET /api/dealers/01JXZ4SC4GHGHPN0TBP6WZ5Y2T 404 44 - 0.219 ms","timestamp":"2025-06-17T14:37:21.229Z"}
{"level":"info","message":"GET /api/dealers/01JXZ4SC4GHGHPN0TBP6WZ5Y2T 404 44 - 0.251 ms","timestamp":"2025-06-17T14:37:21.703Z"}
{"level":"info","message":"GET /api/dealers/01JXZ4SC4GHGHPN0TBP6WZ5Y2T 404 44 - 0.237 ms","timestamp":"2025-06-17T14:37:22.172Z"}
{"level":"info","message":"GET /api/dealers/01JXZ4SC4GHGHPN0TBP6WZ5Y2T 404 44 - 0.284 ms","timestamp":"2025-06-17T14:37:22.514Z"}
{"level":"info","message":"GET /api/dealers/01JXZ4SC4GHGHPN0TBP6WZ5Y2T 404 44 - 0.395 ms","timestamp":"2025-06-17T14:38:10.131Z"}
{"level":"info","message":"GET /api/dealers 200 26 - 0.418 ms","timestamp":"2025-06-17T14:38:15.553Z"}
{"level":"info","message":"GET /api/dealers 200 26 - 0.433 ms","timestamp":"2025-06-17T14:39:49.117Z"}
{"level":"info","message":"GET /api/dealers 200 26 - 0.666 ms","timestamp":"2025-06-17T14:39:51.603Z"}
{"level":"info","message":"GET /api/dealers 200 26 - 0.480 ms","timestamp":"2025-06-17T14:39:52.126Z"}
{"level":"info","message":"GET /api/dealers 200 26 - 0.424 ms","timestamp":"2025-06-17T14:39:52.457Z"}
{"level":"info","message":"GET /api/dealers 200 26 - 0.370 ms","timestamp":"2025-06-17T14:39:52.645Z"}
{"level":"info","message":"GET /api/dealers 200 26 - 0.782 ms","timestamp":"2025-06-17T14:39:52.882Z"}
{"level":"info","message":"GET /api/dealers 200 26 - 0.442 ms","timestamp":"2025-06-17T14:39:52.980Z"}
{"level":"info","message":"GET /api/dealers 200 26 - 0.828 ms","timestamp":"2025-06-17T14:39:53.170Z"}
{"level":"info","message":"GET /api/dealers 200 26 - 1.304 ms","timestamp":"2025-06-17T14:39:53.345Z"}
{"level":"info","message":"GET /api/dealers 200 26 - 0.343 ms","timestamp":"2025-06-17T14:40:10.916Z"}
{"level":"info","message":"GET /api/dealers 200 26 - 0.365 ms","timestamp":"2025-06-17T14:40:12.591Z"}
{"level":"info","message":"GET /api/dealers 200 26 - 0.455 ms","timestamp":"2025-06-17T14:40:18.680Z"}
{"level":"info","message":"GET /api/dealers 200 26 - 0.419 ms","timestamp":"2025-06-17T14:40:25.266Z"}
{"level":"info","message":"POST /api/dealers/ 201 201 - 2.721 ms","timestamp":"2025-06-17T14:40:36.816Z"}
{"level":"info","message":"POST /api/dealers/ 201 201 - 1.445 ms","timestamp":"2025-06-17T14:40:50.805Z"}
{"level":"info","message":"GET /api/dealers 200 381 - 0.402 ms","timestamp":"2025-06-17T14:40:53.775Z"}
{"level":"info","message":"GET /api/dealers 200 381 - 0.256 ms","timestamp":"2025-06-17T14:40:58.773Z"}
{"level":"info","message":"GET /api/dealers 200 381 - 0.495 ms","timestamp":"2025-06-17T14:41:03.338Z"}
{"level":"info","message":"GET /api/dealers 200 381 - 0.227 ms","timestamp":"2025-06-17T14:42:02.298Z"}
{"level":"info","message":"GET /api/dealers 200 381 - 0.255 ms","timestamp":"2025-06-17T14:42:03.910Z"}
{"level":"info","message":"GET /api/dealers 200 381 - 0.225 ms","timestamp":"2025-06-17T14:42:07.900Z"}
{"level":"info","message":"GET /api/dealers/01JXZ5BEEDQ6MKNEXP1W2G7B7M 200 201 - 0.288 ms","timestamp":"2025-06-17T14:42:15.601Z"}
{"level":"info","message":"GET /api/dealers/01JXZ5BEEDQ6MKNEXP1W2G7B7M 200 201 - 0.250 ms","timestamp":"2025-06-17T14:42:17.936Z"}
{"level":"info","message":"GET /api/dealers 200 381 - 0.215 ms","timestamp":"2025-06-17T14:42:45.184Z"}
{"level":"info","message":"GET /api/dealers/01JXZ5BW3M640DVM42V00ZXZZD 200 201 - 0.240 ms","timestamp":"2025-06-17T14:42:54.177Z"}
{"level":"info","message":"Server is running on port 3000","timestamp":"2025-06-17T14:43:25.387Z"}
{"level":"info","message":"Server is running on port 3000","timestamp":"2025-06-17T14:46:37.202Z"}
{"level":"info","message":"Server is running on port 3000","timestamp":"2025-06-17T14:46:49.459Z"}
{"level":"info","message":"Server is running on port 3000","timestamp":"2025-06-17T14:46:53.836Z"}
{"level":"info","message":"Server is running on port 3000","timestamp":"2025-06-17T14:47:14.233Z"}
{"level":"info","message":"Server is running on port 3000","timestamp":"2025-06-17T14:47:19.504Z"}
{"level":"info","message":"Server is running on port 3000","timestamp":"2025-06-17T14:48:03.530Z"}
{"level":"info","message":"Server is running on port 3000","timestamp":"2025-06-17T14:48:21.572Z"}
{"level":"info","message":"Server is running on port 3000","timestamp":"2025-06-17T14:48:33.187Z"}
{"level":"info","message":"Server is running on port 3000","timestamp":"2025-06-17T14:48:39.424Z"}
{"level":"info","message":"Server is running on port 3000","timestamp":"2025-06-17T14:48:50.574Z"}
{"level":"info","message":"PUT /api/dealers/01JXZ5BW3M640DVM42V00ZXZZD 404 44 - 15.845 ms","timestamp":"2025-06-17T14:50:07.656Z"}
{"level":"info","message":"PUT /api/dealers/01JXZ5BW3M640DVM42V00ZXZZD 404 44 - 0.852 ms","timestamp":"2025-06-17T14:50:12.466Z"}
{"level":"info","message":"GET /api/dealers 200 26 - 0.613 ms","timestamp":"2025-06-17T14:50:21.850Z"}
{"level":"info","message":"POST /api/dealers/ 201 201 - 2.699 ms","timestamp":"2025-06-17T14:50:28.459Z"}
{"level":"info","message":"GET /api/dealers 200 203 - 0.425 ms","timestamp":"2025-06-17T14:50:34.027Z"}
{"level":"info","message":"PUT /api/dealers/01JXZ5XG78KYX03P4KNTCQHHDS 200 201 - 0.698 ms","timestamp":"2025-06-17T14:50:38.194Z"}
{"level":"info","message":"PUT /api/dealers/01JXZ5XG78KYX03P4KNTCQHHDS 200 201 - 0.487 ms","timestamp":"2025-06-17T14:50:44.022Z"}
{"level":"info","message":"GET /api/dealers 200 203 - 0.310 ms","timestamp":"2025-06-17T14:50:49.028Z"}
{"level":"info","message":"GET /api/dealers 200 203 - 0.394 ms","timestamp":"2025-06-17T14:51:35.884Z"}
{"level":"info","message":"GET /api/dealers 200 203 - 0.261 ms","timestamp":"2025-06-17T14:51:36.819Z"}
{"level":"info","message":"GET /api/dealers 200 203 - 0.277 ms","timestamp":"2025-06-17T14:51:37.142Z"}
{"level":"info","message":"GET /api/dealers 200 203 - 0.335 ms","timestamp":"2025-06-17T14:51:37.338Z"}
{"level":"info","message":"GET /api/dealers 200 203 - 0.281 ms","timestamp":"2025-06-17T14:51:37.544Z"}
{"level":"info","message":"GET /api/dealers 200 203 - 0.651 ms","timestamp":"2025-06-17T14:51:37.738Z"}
{"level":"info","message":"GET /api/dealers 200 203 - 0.545 ms","timestamp":"2025-06-17T14:51:37.876Z"}
{"level":"info","message":"GET /api/dealers 200 203 - 0.245 ms","timestamp":"2025-06-17T14:51:38.079Z"}
{"level":"info","message":"GET /api/dealers 200 203 - 0.258 ms","timestamp":"2025-06-17T14:51:38.189Z"}
{"level":"info","message":"GET /api/dealers 200 203 - 0.241 ms","timestamp":"2025-06-17T14:51:38.407Z"}
{"level":"info","message":"GET /api/dealers 200 203 - 1.008 ms","timestamp":"2025-06-17T14:51:38.554Z"}
{"level":"info","message":"GET /api/dealers 200 203 - 0.250 ms","timestamp":"2025-06-17T14:51:38.691Z"}
{"level":"info","message":"GET /api/dealers 200 203 - 0.460 ms","timestamp":"2025-06-17T14:51:38.915Z"}
{"level":"info","message":"GET /api/dealers 200 203 - 0.325 ms","timestamp":"2025-06-17T14:51:39.048Z"}
{"level":"info","message":"GET /api/dealers 200 203 - 0.691 ms","timestamp":"2025-06-17T14:51:39.216Z"}
{"level":"info","message":"GET /api/dealers 200 203 - 0.743 ms","timestamp":"2025-06-17T14:51:39.408Z"}
{"level":"info","message":"GET /api/dealers 200 203 - 0.237 ms","timestamp":"2025-06-17T14:51:39.479Z"}
{"level":"info","message":"GET /api/dealers 200 203 - 0.238 ms","timestamp":"2025-06-17T14:51:39.769Z"}
{"level":"info","message":"GET /api/dealers 200 203 - 0.296 ms","timestamp":"2025-06-17T14:51:39.781Z"}
{"level":"info","message":"GET /api/dealers 200 203 - 0.367 ms","timestamp":"2025-06-17T14:51:40.030Z"}
{"level":"info","message":"GET /api/dealers 200 203 - 0.234 ms","timestamp":"2025-06-17T14:51:40.127Z"}
{"level":"info","message":"GET /api/dealers 200 203 - 0.534 ms","timestamp":"2025-06-17T14:51:40.351Z"}
{"level":"info","message":"GET /api/dealers 200 203 - 0.361 ms","timestamp":"2025-06-17T14:51:40.412Z"}
{"level":"info","message":"GET /api/dealers 200 203 - 0.227 ms","timestamp":"2025-06-17T14:51:40.674Z"}
{"level":"info","message":"GET /api/dealers 200 203 - 0.229 ms","timestamp":"2025-06-17T14:51:40.808Z"}
{"level":"info","message":"GET /api/dealers 200 203 - 0.227 ms","timestamp":"2025-06-17T14:51:41.167Z"}
{"level":"info","message":"GET /api/dealers 200 203 - 0.327 ms","timestamp":"2025-06-17T14:51:41.754Z"}
{"level":"info","message":"GET /api/dealers 200 203 - 0.217 ms","timestamp":"2025-06-17T14:51:41.942Z"}
{"level":"info","message":"Server is running on port 3000","timestamp":"2025-06-17T14:51:56.676Z"}
{"level":"info","message":"Server is running on port 3000","timestamp":"2025-06-17T14:52:09.841Z"}
{"level":"info","message":"Server is running on port 3000","timestamp":"2025-06-17T14:57:03.454Z"}
{"level":"info","message":"Server is running on port 3000","timestamp":"2025-06-17T14:57:20.244Z"}
{"level":"info","message":"Server is running on port 3000","timestamp":"2025-06-17T14:58:43.039Z"}
{"level":"info","message":"Server is running on port 3000","timestamp":"2025-06-17T14:59:05.359Z"}
{"level":"info","message":"DELETE /api/dealers/01JXZ5XG78KYX03P4KNTCQHHDS 404 180 - 31.657 ms","timestamp":"2025-06-17T14:59:32.669Z"}
{"level":"info","message":"DELETE /api/dealers/01JXZ5XG78KYX03P4KNTCQHHDS 404 180 - 0.933 ms","timestamp":"2025-06-17T14:59:39.607Z"}
{"level":"info","message":"GET /api/dealers 200 26 - 3.724 ms","timestamp":"2025-06-17T14:59:47.599Z"}
{"level":"info","message":"POST /api/dealers/ 201 201 - 2.907 ms","timestamp":"2025-06-17T14:59:53.947Z"}
{"level":"info","message":"POST /api/dealers/ 201 201 - 1.771 ms","timestamp":"2025-06-17T14:59:58.977Z"}
{"level":"info","message":"DELETE /api/dealers/01JXZ6ERESCZBXMJ3ANMTD14KT 404 180 - 0.573 ms","timestamp":"2025-06-17T15:00:02.605Z"}
{"level":"info","message":"GET /api/dealers 200 381 - 0.463 ms","timestamp":"2025-06-17T15:00:11.548Z"}
{"level":"info","message":"GET /api/dealers 200 381 - 0.364 ms","timestamp":"2025-06-17T15:00:12.506Z"}
{"level":"info","message":"GET /api/dealers 200 381 - 0.319 ms","timestamp":"2025-06-17T15:00:13.075Z"}
{"level":"info","message":"DELETE /api/dealers/01JXZ6ERESCZBXMJ3ANMTD14KT 404 180 - 0.451 ms","timestamp":"2025-06-17T15:00:16.712Z"}
{"level":"info","message":"Server is running on port 3000","timestamp":"2025-06-17T15:00:45.290Z"}
{"level":"info","message":"DELETE /api/dealers/01JXZ6ERESCZBXMJ3ANMTD14KT 404 42 - 20.884 ms","timestamp":"2025-06-17T15:00:49.183Z"}
{"level":"info","message":"POST /api/dealers/ 201 201 - 2.933 ms","timestamp":"2025-06-17T15:00:53.932Z"}
{"level":"info","message":"GET /api/dealers 200 203 - 0.549 ms","timestamp":"2025-06-17T15:00:57.144Z"}
{"level":"info","message":"DELETE /api/dealers/01JXZ6GK19KN4F4RH39CSFGPSR 200 26 - 1.123 ms","timestamp":"2025-06-17T15:01:06.586Z"}
{"level":"info","message":"Server is running on port 3000","timestamp":"2025-06-17T15:01:56.343Z"}
{"level":"info","message":"Server is running on port 3000","timestamp":"2025-06-17T15:02:05.187Z"}
{"level":"info","message":"Server is running on port 3000","timestamp":"2025-06-17T15:02:19.049Z"}
{"level":"info","message":"Server is running on port 3000","timestamp":"2025-06-17T15:02:25.009Z"}
{"level":"info","message":"DELETE /api/dealers/01JXZ6GK19KN4F4RH39CSFGPSR 404 44 - 16.111 ms","timestamp":"2025-06-17T15:02:30.440Z"}
{"level":"info","message":"POST /api/dealers/ 201 201 - 3.212 ms","timestamp":"2025-06-17T15:02:33.896Z"}
{"level":"info","message":"GET /api/dealers 200 203 - 0.574 ms","timestamp":"2025-06-17T15:02:40.070Z"}
{"level":"info","message":"DELETE /api/dealers/01JXZ6GK19KN4F4RH39CSFGPSR 404 44 - 0.796 ms","timestamp":"2025-06-17T15:02:42.422Z"}
{"level":"info","message":"DELETE /api/dealers/01JXZ6KMN54QRKZBCST01V3M5Q 200 26 - 0.880 ms","timestamp":"2025-06-17T15:02:44.947Z"}
{"level":"info","message":"DELETE /api/dealers/01JXZ6KMN54QRKZBCST01V3M5Q 404 44 - 0.501 ms","timestamp":"2025-06-17T15:02:45.792Z"}
{"level":"info","message":"GET /api/dealers 200 26 - 0.306 ms","timestamp":"2025-06-17T15:02:53.465Z"}
{"level":"info","message":"Server is running on port 3000","timestamp":"2025-06-17T15:38:31.823Z"}
{"level":"info","message":"Server is running on port 3000","timestamp":"2025-06-17T15:40:45.696Z"}
{"level":"info","message":"Server is running on port 3000","timestamp":"2025-06-17T15:41:01.692Z"}
{"level":"info","message":"Server is running on port 3000","timestamp":"2025-06-17T15:41:51.972Z"}
{"level":"info","message":"Server is running on port 3000","timestamp":"2025-06-17T15:43:44.782Z"}
{"level":"info","message":"Server is running on port 3000","timestamp":"2025-06-17T15:44:01.826Z"}
{"level":"info","message":"Server is running on port 3000","timestamp":"2025-06-17T15:45:07.735Z"}
{"level":"info","message":"Server is running on port 3000","timestamp":"2025-06-17T15:45:40.966Z"}
{"level":"info","message":"Server is running on port 3000","timestamp":"2025-06-17T15:47:32.283Z"}
{"level":"info","message":"Server is running on port 3000","timestamp":"2025-06-17T15:48:10.394Z"}
{"level":"info","message":"Server is running on port 3000","timestamp":"2025-06-17T15:48:26.628Z"}
{"level":"info","message":"Server is running on port 3000","timestamp":"2025-06-17T15:48:46.205Z"}
{"level":"info","message":"Server is running on port 3000","timestamp":"2025-06-17T15:51:58.477Z"}
{"level":"info","message":"GET /api/carmakes 404 151 - 2.396 ms","timestamp":"2025-06-17T15:53:24.423Z"}
{"level":"info","message":"GET /api/carmake 200 26 - 1.862 ms","timestamp":"2025-06-17T15:53:36.061Z"}
{"level":"info","message":"GET /api/carmake 200 26 - 0.380 ms","timestamp":"2025-06-17T15:55:00.274Z"}
{"level":"info","message":"Server is running on port 3000","timestamp":"2025-06-17T15:57:35.764Z"}
{"level":"info","message":"Server is running on port 3000","timestamp":"2025-06-17T15:58:48.544Z"}
{"level":"info","message":"Server is running on port 3000","timestamp":"2025-06-17T15:59:01.017Z"}
{"level":"info","message":"Server is running on port 3000","timestamp":"2025-06-17T15:59:27.052Z"}
{"level":"info","message":"Server is running on port 3000","timestamp":"2025-06-17T16:02:54.765Z"}
{"level":"info","message":"GET /api/carmake 200 26 - 2.732 ms","timestamp":"2025-06-17T16:03:40.950Z"}
{"level":"info","message":"PUT /api/carmake/id 404 153 - 14.174 ms","timestamp":"2025-06-17T16:04:21.510Z"}
{"level":"info","message":"DELETE /api/carmake/:id 404 157 - 0.871 ms","timestamp":"2025-06-17T16:04:31.992Z"}
{"level":"info","message":"POST /api/carmake 404 151 - 0.491 ms","timestamp":"2025-06-17T16:04:47.155Z"}
{"level":"info","message":"POST /api/carmake 404 151 - 0.755 ms","timestamp":"2025-06-17T16:05:37.155Z"}
{"level":"info","message":"POST /api/carmake 404 151 - 0.485 ms","timestamp":"2025-06-17T16:05:38.595Z"}
{"level":"info","message":"POST /api/carmake 404 151 - 0.572 ms","timestamp":"2025-06-17T16:05:40.626Z"}
{"level":"info","message":"GET /api/carmake 200 26 - 0.322 ms","timestamp":"2025-06-17T16:05:48.167Z"}
{"level":"info","message":"GET /api/carmake 304 - - 0.465 ms","timestamp":"2025-06-17T16:05:50.385Z"}
{"level":"info","message":"Server is running on port 3000","timestamp":"2025-06-17T16:07:22.975Z"}
{"level":"info","message":"Server is running on port 3000","timestamp":"2025-06-17T16:08:08.691Z"}
{"level":"info","message":"GET /api/carmake 200 26 - 3.126 ms","timestamp":"2025-06-17T16:08:18.080Z"}
{"level":"info","message":"GET /api/carmake/:id 404 44 - 0.689 ms","timestamp":"2025-06-17T16:08:20.360Z"}
{"level":"info","message":"POST /api/carmake 201 174 - 16.849 ms","timestamp":"2025-06-17T16:08:25.165Z"}
{"level":"info","message":"POST /api/carmake 201 174 - 1.568 ms","timestamp":"2025-06-17T16:08:26.541Z"}
{"level":"info","message":"GET /api/carmake 200 327 - 0.330 ms","timestamp":"2025-06-17T16:08:29.903Z"}
{"level":"info","message":"POST /api/carmake 201 174 - 1.668 ms","timestamp":"2025-06-17T16:08:34.940Z"}
{"level":"info","message":"GET /api/carmake 200 478 - 0.285 ms","timestamp":"2025-06-17T16:08:38.035Z"}
{"level":"info","message":"GET /api/carmake 200 478 - 0.530 ms","timestamp":"2025-06-17T16:08:44.940Z"}
{"level":"info","message":"GET /api/carmake/01JXZAC7AAHZX1E7MGW0QB2AV9 200 174 - 0.400 ms","timestamp":"2025-06-17T16:09:12.147Z"}
{"level":"info","message":"GET /api/carmake/01JXZAC7AAHZX1E7MGW0QB2AV9 200 174 - 0.360 ms","timestamp":"2025-06-17T16:09:13.507Z"}
{"level":"info","message":"GET /api/carmake/01JXZAC7AAHZX1E7MGW0QB2AV9 200 174 - 0.258 ms","timestamp":"2025-06-17T16:09:14.192Z"}
{"level":"info","message":"GET /api/carmake/01JXZAC7AAHZX1E7MGW0QB2AV9 200 174 - 0.941 ms","timestamp":"2025-06-17T16:09:14.514Z"}
{"level":"info","message":"GET /api/carmake/01JXZAC7AAHZX1E7MGW0QB2AV9 200 174 - 0.525 ms","timestamp":"2025-06-17T16:09:14.762Z"}
{"level":"info","message":"GET /api/carmake/01JXZAC7AAHZX1E7MGW0QB2AV9 200 174 - 0.380 ms","timestamp":"2025-06-17T16:09:14.838Z"}
{"level":"info","message":"GET /api/carmake/01JXZAC7AAHZX1E7MGW0QB2AV9 200 174 - 0.266 ms","timestamp":"2025-06-17T16:09:15.250Z"}
{"level":"info","message":"GET /api/carmake/01JXZAC7AAHZX1E7MGW0QB2AV9 200 174 - 1.156 ms","timestamp":"2025-06-17T16:09:15.287Z"}
{"level":"info","message":"Server is running on port 3000","timestamp":"2025-06-17T16:09:46.340Z"}
{"level":"info","message":"GET /api/carmake/01JXZAC7AAHZX1E7MGW0QB2AV9 404 46 - 2.390 ms","timestamp":"2025-06-17T16:10:31.593Z"}
{"level":"info","message":"GET /api/carmake/01JXZAC7AAHZX1E7MGW0QB2AV9 404 46 - 0.463 ms","timestamp":"2025-06-17T16:10:32.501Z"}
{"level":"info","message":"GET /api/carmake/01JXZAC7AAHZX1E7MGW0QB2AV9 404 46 - 0.354 ms","timestamp":"2025-06-17T16:10:33.087Z"}
{"level":"info","message":"Server is running on port 3000","timestamp":"2025-06-17T16:11:46.508Z"}
{"level":"info","message":"GET /api/carmake 200 26 - 2.809 ms","timestamp":"2025-06-17T16:11:52.667Z"}
{"level":"info","message":"GET /api/carmake 200 26 - 0.563 ms","timestamp":"2025-06-17T16:11:53.702Z"}
{"level":"info","message":"POST /api/carmake 201 174 - 16.737 ms","timestamp":"2025-06-17T16:12:00.710Z"}
{"level":"info","message":"POST /api/carmake 201 174 - 1.552 ms","timestamp":"2025-06-17T16:12:01.816Z"}
{"level":"info","message":"DELETE /api/carmake/01JXZAJTWQA471R19CYK024ZB0 200 26 - 0.978 ms","timestamp":"2025-06-17T16:12:14.461Z"}
{"level":"info","message":"DELETE /api/carmake/01JXZAJTWQA471R19CYK024ZB0 404 44 - 0.805 ms","timestamp":"2025-06-17T16:12:16.737Z"}
{"level":"info","message":"PUT /api/carmake/01JXZAJTWQA471R19CYK024ZB0 404 44 - 0.594 ms","timestamp":"2025-06-17T16:12:23.162Z"}
{"level":"info","message":"GET /api/carmake 200 176 - 0.356 ms","timestamp":"2025-06-17T16:12:30.934Z"}
{"level":"info","message":"GET /api/carmake 200 176 - 0.462 ms","timestamp":"2025-06-17T16:12:31.847Z"}
{"level":"info","message":"GET /api/carmake 200 176 - 0.276 ms","timestamp":"2025-06-17T16:12:32.319Z"}
{"level":"info","message":"GET /api/carmake 200 176 - 0.770 ms","timestamp":"2025-06-17T16:12:32.656Z"}
{"level":"info","message":"GET /api/carmake 200 176 - 0.441 ms","timestamp":"2025-06-17T16:12:32.678Z"}
{"level":"info","message":"POST /api/carmake 201 174 - 1.497 ms","timestamp":"2025-06-17T16:12:37.464Z"}
{"level":"info","message":"GET /api/carmake 200 327 - 0.356 ms","timestamp":"2025-06-17T16:12:44.567Z"}
{"level":"info","message":"GET /api/carmake 200 327 - 0.255 ms","timestamp":"2025-06-17T16:12:46.109Z"}
{"level":"info","message":"GET /api/carmake 200 327 - 0.248 ms","timestamp":"2025-06-17T16:12:46.595Z"}
{"level":"info","message":"GET /api/carmake 200 327 - 0.295 ms","timestamp":"2025-06-17T16:12:46.945Z"}
{"level":"info","message":"GET /api/carmake 200 327 - 0.473 ms","timestamp":"2025-06-17T16:12:47.231Z"}
{"level":"info","message":"POST /api/carmake 201 174 - 1.855 ms","timestamp":"2025-06-17T16:12:51.691Z"}
{"level":"info","message":"GET /api/carmake 200 478 - 0.257 ms","timestamp":"2025-06-17T16:12:55.160Z"}
{"level":"info","message":"GET /api/carmake 200 478 - 0.243 ms","timestamp":"2025-06-17T16:12:56.177Z"}
{"level":"info","message":"POST /api/carmake 201 174 - 1.684 ms","timestamp":"2025-06-17T16:13:05.377Z"}
{"level":"info","message":"POST /api/carmake 201 174 - 1.629 ms","timestamp":"2025-06-17T16:13:05.875Z"}
{"level":"info","message":"POST /api/carmake 201 174 - 1.538 ms","timestamp":"2025-06-17T16:13:06.536Z"}
{"level":"info","message":"POST /api/carmake 201 174 - 1.489 ms","timestamp":"2025-06-17T16:13:07.417Z"}
{"level":"info","message":"GET /api/carmake 200 1082 - 0.283 ms","timestamp":"2025-06-17T16:13:13.219Z"}
{"level":"info","message":"GET /api/carmake 200 1082 - 0.255 ms","timestamp":"2025-06-17T16:13:14.211Z"}
{"level":"info","message":"GET /api/carmake/01JXZAC7AAHZX1E7MGW0QB2AV9 404 46 - 0.350 ms","timestamp":"2025-06-17T16:13:19.028Z"}
{"level":"info","message":"GET /api/carmake/01JXZAC7AAHZX1E7MGW0QB2AV9 404 46 - 0.239 ms","timestamp":"2025-06-17T16:13:20.103Z"}
{"level":"info","message":"Server is running on port 3000","timestamp":"2025-06-17T16:14:32.254Z"}
{"level":"info","message":"Server is running on port 3000","timestamp":"2025-06-17T16:14:46.485Z"}
{"level":"info","message":"Server is running on port 3000","timestamp":"2025-06-17T16:15:37.102Z"}
{"level":"info","message":"GET /api/carmake 200 26 - 2.356 ms","timestamp":"2025-06-17T16:15:58.977Z"}
{"level":"info","message":"GET /api/carmake 200 26 - 0.432 ms","timestamp":"2025-06-17T16:16:22.083Z"}
{"level":"info","message":"GET /api/carmake/01JXZAC7AAHZX1E7MGW0QB2AV9 404 46 - 0.649 ms","timestamp":"2025-06-17T16:16:25.755Z"}
{"level":"info","message":"GET /api/carmake/01JXZAC7AAHZX1E7MGW0QB2AV9 404 46 - 0.335 ms","timestamp":"2025-06-17T16:16:28.387Z"}
{"level":"info","message":"PUT /api/carmake/01JXZAJTWQA471R19CYK024ZB0 404 44 - 17.335 ms","timestamp":"2025-06-17T16:16:36.466Z"}
{"level":"info","message":"Server is running on port 3000","timestamp":"2025-06-17T16:16:54.123Z"}
{"level":"info","message":"PUT /api/carmake/01JXZAJTWQA471R19CYK024ZB0 404 46 - 15.425 ms","timestamp":"2025-06-17T16:16:55.867Z"}
{"level":"info","message":"Server is running on port 3000","timestamp":"2025-06-17T16:17:09.988Z"}
{"level":"info","message":"POST /api/carmake 201 174 - 16.950 ms","timestamp":"2025-06-17T16:17:23.706Z"}
{"level":"info","message":"POST /api/carmake 201 174 - 2.747 ms","timestamp":"2025-06-17T16:17:29.891Z"}
{"level":"info","message":"GET /api/carmake 200 327 - 0.723 ms","timestamp":"2025-06-17T16:17:47.177Z"}
{"level":"info","message":"GET /api/carmake/01JXZAWV91M5VP5R69NDK3PD8R 200 174 - 0.531 ms","timestamp":"2025-06-17T16:17:54.754Z"}
{"level":"info","message":"GET /api/carmake/01JXZAWV91M5VP5R69NDK3PD8R 200 174 - 0.430 ms","timestamp":"2025-06-17T16:18:00.663Z"}
{"level":"info","message":"GET /api/carmake 200 327 - 0.469 ms","timestamp":"2025-06-17T16:18:37.681Z"}
{"level":"info","message":"PUT /api/carmake/01JXZAWV91M5VP5R69NDK3PD8R 200 191 - 0.665 ms","timestamp":"2025-06-17T16:18:42.903Z"}
{"level":"info","message":"GET /api/carmake 200 344 - 0.337 ms","timestamp":"2025-06-17T16:18:45.805Z"}
{"level":"info","message":"GET /api/carmake/ 200 344 - 0.338 ms","timestamp":"2025-06-17T16:18:57.664Z"}
{"level":"info","message":"GET /api/carmake/01JXZAWV91M5VP5R69NDK3PD8R 200 191 - 0.332 ms","timestamp":"2025-06-17T16:19:04.041Z"}
{"level":"info","message":"GET /api/carmake 200 344 - 0.302 ms","timestamp":"2025-06-17T16:19:07.996Z"}
{"level":"info","message":"DELETE /api/carmake/01JXZAWV91M5VP5R69NDK3PD8R 200 26 - 0.601 ms","timestamp":"2025-06-17T16:19:16.312Z"}
{"level":"info","message":"GET /api/carmake 200 176 - 0.370 ms","timestamp":"2025-06-17T16:19:20.682Z"}
{"level":"info","message":"DELETE /api/carmake/01JXZAWV91M5VP5R69NDK3PD8R 404 46 - 0.872 ms","timestamp":"2025-06-17T16:19:24.617Z"}
{"level":"info","message":"POST /api/carmake 201 174 - 1.589 ms","timestamp":"2025-06-17T16:19:29.421Z"}
{"level":"info","message":"GET /api/carmake 200 327 - 0.629 ms","timestamp":"2025-06-17T16:19:37.554Z"}
